<?xml version="1.0" encoding="UTF-8"?>
<robot generator="Robot 3.1.2 (Python 3.8.0 on win32)" generated="20200328 21:08:40.442" rpa="false">
<suite id="s1" name="Tests" source="C:\Users\adria\OneDrive\Documentos\dev\Projetos\AutomationTemplate\tests">
<suite id="s1-s1" name="Reporting" source="C:\Users\adria\OneDrive\Documentos\dev\Projetos\AutomationTemplate\tests\reporting">
<suite id="s1-s1-s1" name="WebJump" source="C:\Users\adria\OneDrive\Documentos\dev\Projetos\AutomationTemplate\tests\reporting\WebJump.robot">
<kw name="Run Keywords" library="BuiltIn" type="setup">
<doc>Executes all the given keywords in a sequence.</doc>
<arguments>
<arg>Before</arg>
<arg>AND</arg>
<arg>Set Selenium Speed</arg>
<arg>0.1</arg>
</arguments>
<kw name="Before" library="hooks">
<kw name="Import All Resources" library="BeforeConfiguration">
<status status="PASS" starttime="20200328 21:08:42.376" endtime="20200328 21:08:42.391"></status>
</kw>
<kw name="Start Automation" library="AutomationSetup">
<doc>Performs the default initial configuration for running test automation
Using the architecture designed for sovos test automation.</doc>
<msg timestamp="20200328 21:08:42.393" level="INFO">${MASS} = {}</msg>
<msg timestamp="20200328 21:08:42.394" level="INFO">${ENV} = {'QA': {'root': 'https://wejump-automation-test.github.io'}}</msg>
<msg timestamp="20200328 21:08:42.396" level="INFO">${CONFIG} = {'browser': 'chrome', 'server_host': 'http://localhost', 'server_port': 55555, 'url': 'http://localhost:4444/wd/hub', 'remote': False, 'headless': False, 'default_max_wait_time': 10, 'download_dir': '...</msg>
<msg timestamp="20200328 21:08:42.398" level="INFO">${USER_HOME_PATH} = C:\Users\adria</msg>
<msg timestamp="20200328 21:08:42.398" level="INFO">${DOWNLOAD_FOLDER} = DOWNLOAD_AUT</msg>
<msg timestamp="20200328 21:08:42.405" level="INFO">Creating an instance of the Chrome WebDriver.</msg>
<msg timestamp="20200328 21:08:51.833" level="INFO">Opening url 'about:blank'</msg>
<msg timestamp="20200328 21:08:51.858" level="INFO">Opening url 'https://wejump-automation-test.github.io'</msg>
<msg timestamp="20200328 21:08:52.141" level="INFO">Looking for [chromedriver 80.0.3987.106 win32] driver in cache 
File found in cache by path [C:\Users\adria\.wdm\drivers\chromedriver\80.0.3987.106\win32\chromedriver.exe]</msg>
<status status="PASS" starttime="20200328 21:08:42.391" endtime="20200328 21:08:52.141"></status>
</kw>
<status status="PASS" starttime="20200328 21:08:42.375" endtime="20200328 21:08:52.142"></status>
</kw>
<kw name="Set Selenium Speed" library="SeleniumLibrary">
<doc>Sets the delay that is waited after each Selenium command.</doc>
<arguments>
<arg>0.1</arg>
</arguments>
<status status="PASS" starttime="20200328 21:08:52.143" endtime="20200328 21:08:52.143"></status>
</kw>
<status status="PASS" starttime="20200328 21:08:42.375" endtime="20200328 21:08:52.143"></status>
</kw>
<test id="s1-s1-s1-t1" name="Scenario 1">
<kw name="Given the user is on WebJump page" library="WebJump_kw">
<kw name="Go To Page" library="PageObjectLibrary">
<tags>
<tag>page-object</tag>
<tag>selenium</tag>
</tags>
<doc>Go to the url for the given page object.</doc>
<arguments>
<arg>WebJumpPage</arg>
</arguments>
<msg timestamp="20200328 21:08:52.399" level="INFO">Opening url 'https://wejump-automation-test.github.io/qa-test/'</msg>
<status status="PASS" starttime="20200328 21:08:52.146" endtime="20200328 21:08:56.692"></status>
</kw>
<kw name="The Current Page Should Be" library="PageObjectLibrary">
<doc>Fails if the name of the current page is not the given page name</doc>
<arguments>
<arg>WebJumpPage</arg>
</arguments>
<status status="PASS" starttime="20200328 21:08:56.692" endtime="20200328 21:08:56.802"></status>
</kw>
<status status="PASS" starttime="20200328 21:08:52.145" endtime="20200328 21:08:56.802"></status>
</kw>
<kw name="When the user clicks on the buttons" library="WebJump_kw">
<kw name="Click On Webjump Buttons" library="WebJumpPage">
<kw name="Element Should Be Visible" library="SeleniumLibrary">
<doc>Verifies that the element identified by ``locator`` is visible.</doc>
<arguments>
<arg>xpath=//div[@id='panel_body_one']//button[@id='btn_one']</arg>
</arguments>
<msg timestamp="20200328 21:08:57.178" level="INFO">Element 'xpath=//div[@id='panel_body_one']//button[@id='btn_one']' is displayed.</msg>
<status status="PASS" starttime="20200328 21:08:56.928" endtime="20200328 21:08:57.178"></status>
</kw>
<kw name="Click Element" library="SeleniumLibrary">
<doc>Click the element identified by ``locator``.</doc>
<arguments>
<arg>xpath=//div[@id='panel_body_one']//button[@id='btn_one']</arg>
</arguments>
<msg timestamp="20200328 21:08:57.179" level="INFO">Clicking element 'xpath=//div[@id='panel_body_one']//button[@id='btn_one']'.</msg>
<status status="PASS" starttime="20200328 21:08:57.179" endtime="20200328 21:08:57.476"></status>
</kw>
<kw name="Element Should Be Visible" library="SeleniumLibrary">
<doc>Verifies that the element identified by ``locator`` is visible.</doc>
<arguments>
<arg>xpath=//div[@id='panel_body_one']//button[@id='btn_two']</arg>
</arguments>
<msg timestamp="20200328 21:08:57.850" level="INFO">Element 'xpath=//div[@id='panel_body_one']//button[@id='btn_two']' is displayed.</msg>
<status status="PASS" starttime="20200328 21:08:57.600" endtime="20200328 21:08:57.850"></status>
</kw>
<kw name="Click Element" library="SeleniumLibrary">
<doc>Click the element identified by ``locator``.</doc>
<arguments>
<arg>xpath=//div[@id='panel_body_one']//button[@id='btn_two']</arg>
</arguments>
<msg timestamp="20200328 21:08:57.851" level="INFO">Clicking element 'xpath=//div[@id='panel_body_one']//button[@id='btn_two']'.</msg>
<status status="PASS" starttime="20200328 21:08:57.850" endtime="20200328 21:08:58.131"></status>
</kw>
<kw name="Element Should Be Visible" library="SeleniumLibrary">
<doc>Verifies that the element identified by ``locator`` is visible.</doc>
<arguments>
<arg>xpath=//div[@id='panel_body_one']//button[@id='btn_three']</arg>
</arguments>
<msg timestamp="20200328 21:08:58.506" level="INFO">Element 'xpath=//div[@id='panel_body_one']//button[@id='btn_three']' is displayed.</msg>
<status status="PASS" starttime="20200328 21:08:58.257" endtime="20200328 21:08:58.506"></status>
</kw>
<kw name="Click Element" library="SeleniumLibrary">
<doc>Click the element identified by ``locator``.</doc>
<arguments>
<arg>xpath=//div[@id='panel_body_one']//button[@id='btn_three']</arg>
</arguments>
<msg timestamp="20200328 21:08:58.507" level="INFO">Clicking element 'xpath=//div[@id='panel_body_one']//button[@id='btn_three']'.</msg>
<status status="PASS" starttime="20200328 21:08:58.506" endtime="20200328 21:08:58.774"></status>
</kw>
<kw name="Element Should Be Visible" library="SeleniumLibrary">
<doc>Verifies that the element identified by ``locator`` is visible.</doc>
<arguments>
<arg>xpath=//div[@id='panel_body_one']//button[@id='btn_link']</arg>
</arguments>
<msg timestamp="20200328 21:08:59.150" level="INFO">Element 'xpath=//div[@id='panel_body_one']//button[@id='btn_link']' is displayed.</msg>
<status status="PASS" starttime="20200328 21:08:58.899" endtime="20200328 21:08:59.150"></status>
</kw>
<kw name="Click Element" library="SeleniumLibrary">
<doc>Click the element identified by ``locator``.</doc>
<arguments>
<arg>xpath=//div[@id='panel_body_one']//button[@id='btn_link']</arg>
</arguments>
<msg timestamp="20200328 21:08:59.151" level="INFO">Clicking element 'xpath=//div[@id='panel_body_one']//button[@id='btn_link']'.</msg>
<status status="PASS" starttime="20200328 21:08:59.151" endtime="20200328 21:08:59.433"></status>
</kw>
<status status="PASS" starttime="20200328 21:08:56.803" endtime="20200328 21:08:59.433"></status>
</kw>
<status status="PASS" starttime="20200328 21:08:56.803" endtime="20200328 21:08:59.433"></status>
</kw>
<kw name="Then the buttons are not visible anymore" library="WebJump_kw">
<kw name="Check For Hidden Buttons" library="WebJumpPage">
<kw name="Element Should Not Be Visible" library="SeleniumLibrary">
<doc>Verifies that the element identified by ``locator`` is NOT visible.</doc>
<arguments>
<arg>xpath=//div[@id='panel_body_one']//button[@id='btn_one']</arg>
</arguments>
<msg timestamp="20200328 21:08:59.683" level="INFO">Element 'xpath=//div[@id='panel_body_one']//button[@id='btn_one']' exists but is not displayed.</msg>
<status status="PASS" starttime="20200328 21:08:59.434" endtime="20200328 21:08:59.683"></status>
</kw>
<kw name="Element Should Not Be Visible" library="SeleniumLibrary">
<doc>Verifies that the element identified by ``locator`` is NOT visible.</doc>
<arguments>
<arg>xpath=//div[@id='panel_body_one']//button[@id='btn_two']</arg>
</arguments>
<msg timestamp="20200328 21:08:59.932" level="INFO">Element 'xpath=//div[@id='panel_body_one']//button[@id='btn_two']' exists but is not displayed.</msg>
<status status="PASS" starttime="20200328 21:08:59.683" endtime="20200328 21:08:59.932"></status>
</kw>
<kw name="Element Should Not Be Visible" library="SeleniumLibrary">
<doc>Verifies that the element identified by ``locator`` is NOT visible.</doc>
<arguments>
<arg>xpath=//div[@id='panel_body_one']//button[@id='btn_three']</arg>
</arguments>
<msg timestamp="20200328 21:09:00.168" level="INFO">Element 'xpath=//div[@id='panel_body_one']//button[@id='btn_three']' exists but is not displayed.</msg>
<status status="PASS" starttime="20200328 21:08:59.932" endtime="20200328 21:09:00.168"></status>
</kw>
<kw name="Element Should Not Be Visible" library="SeleniumLibrary">
<doc>Verifies that the element identified by ``locator`` is NOT visible.</doc>
<arguments>
<arg>xpath=//div[@id='panel_body_one']//button[@id='btn_link']</arg>
</arguments>
<msg timestamp="20200328 21:09:00.418" level="INFO">Element 'xpath=//div[@id='panel_body_one']//button[@id='btn_link']' exists but is not displayed.</msg>
<status status="PASS" starttime="20200328 21:09:00.168" endtime="20200328 21:09:00.418"></status>
</kw>
<status status="PASS" starttime="20200328 21:08:59.434" endtime="20200328 21:09:00.418"></status>
</kw>
<status status="PASS" starttime="20200328 21:08:59.433" endtime="20200328 21:09:00.418"></status>
</kw>
<doc>Crie um cenário onde clicamos nos botões "One", "Two, e "Four", depois verifique a ausência dos mesmos.</doc>
<tags>
<tag>webjump</tag>
</tags>
<status status="PASS" starttime="20200328 21:08:52.144" endtime="20200328 21:09:00.418" critical="yes"></status>
</test>
<test id="s1-s1-s1-t2" name="Scenario 2">
<kw name="Given the user is on WebJump page" library="WebJump_kw">
<kw name="Go To Page" library="PageObjectLibrary">
<tags>
<tag>page-object</tag>
<tag>selenium</tag>
</tags>
<doc>Go to the url for the given page object.</doc>
<arguments>
<arg>WebJumpPage</arg>
</arguments>
<msg timestamp="20200328 21:09:00.652" level="INFO">Opening url 'https://wejump-automation-test.github.io/qa-test/'</msg>
<status status="PASS" starttime="20200328 21:09:00.420" endtime="20200328 21:09:01.460"></status>
</kw>
<kw name="The Current Page Should Be" library="PageObjectLibrary">
<doc>Fails if the name of the current page is not the given page name</doc>
<arguments>
<arg>WebJumpPage</arg>
</arguments>
<status status="PASS" starttime="20200328 21:09:01.460" endtime="20200328 21:09:01.571"></status>
</kw>
<status status="PASS" starttime="20200328 21:09:00.419" endtime="20200328 21:09:01.571"></status>
</kw>
<kw name="When the user clicks on the iframe buttons" library="WebJump_kw">
<kw name="Click On Webjump Iframe Buttons" library="WebJumpPage">
<kw name="Select Frame" library="SeleniumLibrary">
<doc>Sets frame identified by ``locator`` as the current frame.</doc>
<arguments>
<arg>xpath=//iframe[@src='buttons.html']</arg>
</arguments>
<msg timestamp="20200328 21:09:01.572" level="INFO">Selecting frame 'xpath=//iframe[@src='buttons.html']'.</msg>
<status status="PASS" starttime="20200328 21:09:01.572" endtime="20200328 21:09:01.837"></status>
</kw>
<kw name="Element Should Be Visible" library="SeleniumLibrary">
<doc>Verifies that the element identified by ``locator`` is visible.</doc>
<arguments>
<arg>xpath=//div[@class='col-sm-12']//button[@id='btn_one']</arg>
</arguments>
<msg timestamp="20200328 21:09:02.211" level="INFO">Element 'xpath=//div[@class='col-sm-12']//button[@id='btn_one']' is displayed.</msg>
<status status="PASS" starttime="20200328 21:09:01.962" endtime="20200328 21:09:02.211"></status>
</kw>
<kw name="Click Element" library="SeleniumLibrary">
<doc>Click the element identified by ``locator``.</doc>
<arguments>
<arg>xpath=//div[@class='col-sm-12']//button[@id='btn_one']</arg>
</arguments>
<msg timestamp="20200328 21:09:02.211" level="INFO">Clicking element 'xpath=//div[@class='col-sm-12']//button[@id='btn_one']'.</msg>
<status status="PASS" starttime="20200328 21:09:02.211" endtime="20200328 21:09:02.538"></status>
</kw>
<kw name="Element Should Be Visible" library="SeleniumLibrary">
<doc>Verifies that the element identified by ``locator`` is visible.</doc>
<arguments>
<arg>xpath=//div[@class='col-sm-12']//button[@id='btn_two']</arg>
</arguments>
<msg timestamp="20200328 21:09:02.911" level="INFO">Element 'xpath=//div[@class='col-sm-12']//button[@id='btn_two']' is displayed.</msg>
<status status="PASS" starttime="20200328 21:09:02.662" endtime="20200328 21:09:02.911"></status>
</kw>
<kw name="Click Element" library="SeleniumLibrary">
<doc>Click the element identified by ``locator``.</doc>
<arguments>
<arg>xpath=//div[@class='col-sm-12']//button[@id='btn_two']</arg>
</arguments>
<msg timestamp="20200328 21:09:02.912" level="INFO">Clicking element 'xpath=//div[@class='col-sm-12']//button[@id='btn_two']'.</msg>
<status status="PASS" starttime="20200328 21:09:02.911" endtime="20200328 21:09:03.209"></status>
</kw>
<kw name="Element Should Be Visible" library="SeleniumLibrary">
<doc>Verifies that the element identified by ``locator`` is visible.</doc>
<arguments>
<arg>xpath=//div[@class='col-sm-12']//button[@id='btn_three']</arg>
</arguments>
<msg timestamp="20200328 21:09:03.582" level="INFO">Element 'xpath=//div[@class='col-sm-12']//button[@id='btn_three']' is displayed.</msg>
<status status="PASS" starttime="20200328 21:09:03.333" endtime="20200328 21:09:03.582"></status>
</kw>
<kw name="Click Element" library="SeleniumLibrary">
<doc>Click the element identified by ``locator``.</doc>
<arguments>
<arg>xpath=//div[@class='col-sm-12']//button[@id='btn_three']</arg>
</arguments>
<msg timestamp="20200328 21:09:03.583" level="INFO">Clicking element 'xpath=//div[@class='col-sm-12']//button[@id='btn_three']'.</msg>
<status status="PASS" starttime="20200328 21:09:03.582" endtime="20200328 21:09:03.880"></status>
</kw>
<kw name="Element Should Be Visible" library="SeleniumLibrary">
<doc>Verifies that the element identified by ``locator`` is visible.</doc>
<arguments>
<arg>xpath=//div[@class='col-sm-12']//button[@id='btn_link']</arg>
</arguments>
<msg timestamp="20200328 21:09:04.256" level="INFO">Element 'xpath=//div[@class='col-sm-12']//button[@id='btn_link']' is displayed.</msg>
<status status="PASS" starttime="20200328 21:09:04.005" endtime="20200328 21:09:04.256"></status>
</kw>
<kw name="Click Element" library="SeleniumLibrary">
<doc>Click the element identified by ``locator``.</doc>
<arguments>
<arg>xpath=//div[@class='col-sm-12']//button[@id='btn_link']</arg>
</arguments>
<msg timestamp="20200328 21:09:04.257" level="INFO">Clicking element 'xpath=//div[@class='col-sm-12']//button[@id='btn_link']'.</msg>
<status status="PASS" starttime="20200328 21:09:04.257" endtime="20200328 21:09:04.570"></status>
</kw>
<status status="PASS" starttime="20200328 21:09:01.572" endtime="20200328 21:09:04.570"></status>
</kw>
<status status="PASS" starttime="20200328 21:09:01.571" endtime="20200328 21:09:04.570"></status>
</kw>
<kw name="Then the iframe buttons are not visible anymore" library="WebJump_kw">
<kw name="Check For Hidden Iframe Buttons" library="WebJumpPage">
<kw name="Element Should Not Be Visible" library="SeleniumLibrary">
<doc>Verifies that the element identified by ``locator`` is NOT visible.</doc>
<arguments>
<arg>xpath=//div[@class='col-sm-12']//button[@id='btn_one']</arg>
</arguments>
<msg timestamp="20200328 21:09:04.819" level="INFO">Element 'xpath=//div[@class='col-sm-12']//button[@id='btn_one']' exists but is not displayed.</msg>
<status status="PASS" starttime="20200328 21:09:04.571" endtime="20200328 21:09:04.819"></status>
</kw>
<kw name="Element Should Not Be Visible" library="SeleniumLibrary">
<doc>Verifies that the element identified by ``locator`` is NOT visible.</doc>
<arguments>
<arg>xpath=//div[@class='col-sm-12']//button[@id='btn_two']</arg>
</arguments>
<msg timestamp="20200328 21:09:05.069" level="INFO">Element 'xpath=//div[@class='col-sm-12']//button[@id='btn_two']' exists but is not displayed.</msg>
<status status="PASS" starttime="20200328 21:09:04.819" endtime="20200328 21:09:05.069"></status>
</kw>
<kw name="Element Should Not Be Visible" library="SeleniumLibrary">
<doc>Verifies that the element identified by ``locator`` is NOT visible.</doc>
<arguments>
<arg>xpath=//div[@class='col-sm-12']//button[@id='btn_three']</arg>
</arguments>
<msg timestamp="20200328 21:09:05.320" level="INFO">Element 'xpath=//div[@class='col-sm-12']//button[@id='btn_three']' exists but is not displayed.</msg>
<status status="PASS" starttime="20200328 21:09:05.069" endtime="20200328 21:09:05.320"></status>
</kw>
<kw name="Element Should Not Be Visible" library="SeleniumLibrary">
<doc>Verifies that the element identified by ``locator`` is NOT visible.</doc>
<arguments>
<arg>xpath=//div[@class='col-sm-12']//button[@id='btn_link']</arg>
</arguments>
<msg timestamp="20200328 21:09:05.571" level="INFO">Element 'xpath=//div[@class='col-sm-12']//button[@id='btn_link']' exists but is not displayed.</msg>
<status status="PASS" starttime="20200328 21:09:05.320" endtime="20200328 21:09:05.571"></status>
</kw>
<status status="PASS" starttime="20200328 21:09:04.570" endtime="20200328 21:09:05.571"></status>
</kw>
<status status="PASS" starttime="20200328 21:09:04.570" endtime="20200328 21:09:05.571"></status>
</kw>
<doc>Dentro da mesma página, clique nos botões "One", "Two" e "Four" que encontram-se dentro do painel "IFRAME BUTTONS" e valide a não-presença dos mesmos.</doc>
<tags>
<tag>webjump</tag>
</tags>
<status status="PASS" starttime="20200328 21:09:00.418" endtime="20200328 21:09:05.572" critical="yes"></status>
</test>
<test id="s1-s1-s1-t3" name="Scenario 3">
<kw name="Given the user is on WebJump page" library="WebJump_kw">
<kw name="Go To Page" library="PageObjectLibrary">
<tags>
<tag>page-object</tag>
<tag>selenium</tag>
</tags>
<doc>Go to the url for the given page object.</doc>
<arguments>
<arg>WebJumpPage</arg>
</arguments>
<msg timestamp="20200328 21:09:05.806" level="INFO">Opening url 'https://wejump-automation-test.github.io/qa-test/'</msg>
<status status="PASS" starttime="20200328 21:09:05.573" endtime="20200328 21:09:06.543"></status>
</kw>
<kw name="The Current Page Should Be" library="PageObjectLibrary">
<doc>Fails if the name of the current page is not the given page name</doc>
<arguments>
<arg>WebJumpPage</arg>
</arguments>
<status status="PASS" starttime="20200328 21:09:06.543" endtime="20200328 21:09:06.652"></status>
</kw>
<status status="PASS" starttime="20200328 21:09:05.573" endtime="20200328 21:09:06.652"></status>
</kw>
<kw name="When the user does all the input steps on the third scenario" library="WebJump_kw">
<kw name="Fill The YourFisrtName Field" library="WebJumpPage">
<kw name="Element Should Be Visible" library="SeleniumLibrary">
<doc>Verifies that the element identified by ``locator`` is visible.</doc>
<arguments>
<arg>xpath=//div[@class='form-group']//input[@id='first_name']</arg>
</arguments>
<msg timestamp="20200328 21:09:07.027" level="INFO">Element 'xpath=//div[@class='form-group']//input[@id='first_name']' is displayed.</msg>
<status status="PASS" starttime="20200328 21:09:06.777" endtime="20200328 21:09:07.027"></status>
</kw>
<kw name="Input Text" library="SeleniumLibrary">
<doc>Types the given ``text`` into the text field identified by ``locator``.</doc>
<arguments>
<arg>xpath=//div[@class='form-group']//input[@id='first_name']</arg>
<arg>Adriano</arg>
</arguments>
<msg timestamp="20200328 21:09:07.401" level="INFO">Typing text 'Adriano' into text field 'xpath=//div[@class='form-group']//input[@id='first_name']'.</msg>
<status status="PASS" starttime="20200328 21:09:07.400" endtime="20200328 21:09:07.885"></status>
</kw>
<status status="PASS" starttime="20200328 21:09:06.653" endtime="20200328 21:09:07.885"></status>
</kw>
<kw name="Click On Button One" library="WebJumpPage">
<kw name="Element Should Be Visible" library="SeleniumLibrary">
<doc>Verifies that the element identified by ``locator`` is visible.</doc>
<arguments>
<arg>xpath=//div[@id='panel_body_one']//button[@id='btn_one']</arg>
</arguments>
<msg timestamp="20200328 21:09:08.258" level="INFO">Element 'xpath=//div[@id='panel_body_one']//button[@id='btn_one']' is displayed.</msg>
<status status="PASS" starttime="20200328 21:09:08.010" endtime="20200328 21:09:08.258"></status>
</kw>
<kw name="Click Element" library="SeleniumLibrary">
<doc>Click the element identified by ``locator``.</doc>
<arguments>
<arg>xpath=//div[@id='panel_body_one']//button[@id='btn_one']</arg>
</arguments>
<msg timestamp="20200328 21:09:08.259" level="INFO">Clicking element 'xpath=//div[@id='panel_body_one']//button[@id='btn_one']'.</msg>
<status status="PASS" starttime="20200328 21:09:08.258" endtime="20200328 21:09:08.525"></status>
</kw>
<status status="PASS" starttime="20200328 21:09:07.885" endtime="20200328 21:09:08.525"></status>
</kw>
<kw name="Check Optionthree Checkbox" library="WebJumpPage">
<msg timestamp="20200328 21:09:08.526" level="INFO">Selecting checkbox 'xpath=//div[@class='col-sm-4']//input[@id='opt_three']'.</msg>
<status status="PASS" starttime="20200328 21:09:08.526" endtime="20200328 21:09:09.150"></status>
</kw>
<kw name="Select Exampletwo On The Select Box" library="WebJumpPage">
<kw name="Element Should Be Visible" library="SeleniumLibrary">
<doc>Verifies that the element identified by ``locator`` is visible.</doc>
<arguments>
<arg>xpath=//div[@class='col-sm-4']//select[@id='select_box']</arg>
</arguments>
<msg timestamp="20200328 21:09:09.511" level="INFO">Element 'xpath=//div[@class='col-sm-4']//select[@id='select_box']' is displayed.</msg>
<status status="PASS" starttime="20200328 21:09:09.275" endtime="20200328 21:09:09.511"></status>
</kw>
<kw name="Click Element" library="SeleniumLibrary">
<doc>Click the element identified by ``locator``.</doc>
<arguments>
<arg>xpath=//div[@class='col-sm-4']//select[@id='select_box']</arg>
</arguments>
<msg timestamp="20200328 21:09:09.511" level="INFO">Clicking element 'xpath=//div[@class='col-sm-4']//select[@id='select_box']'.</msg>
<status status="PASS" starttime="20200328 21:09:09.511" endtime="20200328 21:09:09.809"></status>
</kw>
<kw name="Element Should Be Visible" library="SeleniumLibrary">
<doc>Verifies that the element identified by ``locator`` is visible.</doc>
<arguments>
<arg>xpath=//option[contains(text(), 'ExampleTwo')]</arg>
</arguments>
<msg timestamp="20200328 21:09:10.185" level="INFO">Element 'xpath=//option[contains(text(), 'ExampleTwo')]' is displayed.</msg>
<status status="PASS" starttime="20200328 21:09:09.934" endtime="20200328 21:09:10.185"></status>
</kw>
<kw name="Click Element" library="SeleniumLibrary">
<doc>Click the element identified by ``locator``.</doc>
<arguments>
<arg>xpath=//option[contains(text(), 'ExampleTwo')]</arg>
</arguments>
<msg timestamp="20200328 21:09:10.186" level="INFO">Clicking element 'xpath=//option[contains(text(), 'ExampleTwo')]'.</msg>
<status status="PASS" starttime="20200328 21:09:10.186" endtime="20200328 21:09:10.451"></status>
</kw>
<status status="PASS" starttime="20200328 21:09:09.150" endtime="20200328 21:09:10.451"></status>
</kw>
<status status="PASS" starttime="20200328 21:09:06.653" endtime="20200328 21:09:10.451"></status>
</kw>
<kw name="Then the user validates that the page contains Selenium WebDriver image" library="WebJump_kw">
<kw name="Validate Selenium Webdriver Image" library="WebJumpPage">
<msg timestamp="20200328 21:09:10.578" level="INFO">Current page contains element 'xpath=//img[@alt='selenium']'.</msg>
<status status="PASS" starttime="20200328 21:09:10.452" endtime="20200328 21:09:10.578"></status>
</kw>
<status status="PASS" starttime="20200328 21:09:10.452" endtime="20200328 21:09:10.578"></status>
</kw>
<doc>No cenário final, iremos preencher o campo "YourFirstName" com um texto qualquer. Clique no botão "One", cheque a opção "OptionThree", selecione a opção "ExampleTwo" dentro da select box, e valide a presença da imagem do logo do "Selenium Webdriver".</doc>
<tags>
<tag>webjump</tag>
</tags>
<status status="PASS" starttime="20200328 21:09:05.572" endtime="20200328 21:09:10.578" critical="yes"></status>
</test>
<kw name="After" library="hooks" type="teardown">
<kw name="After Suite" library="AutomationSetup">
<doc>Performs the default configuration at the end of all test executions.</doc>
<status status="PASS" starttime="20200328 21:09:10.580" endtime="20200328 21:09:12.769"></status>
</kw>
<status status="PASS" starttime="20200328 21:09:10.579" endtime="20200328 21:09:12.770"></status>
</kw>
<doc>This test suite aims to validate WebJump test scenarios</doc>
<status status="PASS" starttime="20200328 21:08:40.470" endtime="20200328 21:09:12.770"></status>
</suite>
<status status="PASS" starttime="20200328 21:08:40.467" endtime="20200328 21:09:12.772"></status>
</suite>
<status status="PASS" starttime="20200328 21:08:40.444" endtime="20200328 21:09:12.774"></status>
</suite>
<statistics>
<total>
<stat pass="3" fail="0">Critical Tests</stat>
<stat pass="3" fail="0">All Tests</stat>
</total>
<tag>
<stat pass="3" fail="0">webjump</stat>
</tag>
<suite>
<stat pass="3" fail="0" id="s1" name="Tests">Tests</stat>
<stat pass="3" fail="0" id="s1-s1" name="Reporting">Tests.Reporting</stat>
<stat pass="3" fail="0" id="s1-s1-s1" name="WebJump">Tests.Reporting.WebJump</stat>
</suite>
</statistics>
<errors>
</errors>
</robot>
